<?xml version="1.0" encoding="UTF-8"?>
<testng-results ignored="0" total="2" passed="2" failed="0" skipped="0">
  <reporter-output>
  </reporter-output>
  <suite started-at="2023-02-20T19:24:32 IST" name="Default suite" finished-at="2023-02-20T19:26:54 IST" duration-ms="141995">
    <groups>
    </groups>
    <test started-at="2023-02-20T19:24:32 IST" name="Default test" finished-at="2023-02-20T19:26:54 IST" duration-ms="141995">
      <class name="Module_testclass.TestClass1">
        <test-method is-config="true" signature="OpenBrowser()[pri:0, instance:Module_testclass.TestClass1@ffaa6af]" started-at="2023-02-20T19:24:32 IST" name="OpenBrowser" finished-at="2023-02-20T19:25:57 IST" duration-ms="85199" status="PASS">
          <reporter-output>
          </reporter-output>
        </test-method> <!-- OpenBrowser -->
        <test-method is-config="true" signature="loginToApp()[pri:0, instance:Module_testclass.TestClass1@ffaa6af]" started-at="2023-02-20T19:25:58 IST" name="loginToApp" finished-at="2023-02-20T19:26:12 IST" duration-ms="14460" status="PASS">
          <reporter-output>
          </reporter-output>
        </test-method> <!-- loginToApp -->
        <test-method signature="VerifyEmailAddress()[pri:1, instance:Module_testclass.TestClass1@ffaa6af]" started-at="2023-02-20T19:26:12 IST" name="VerifyEmailAddress" finished-at="2023-02-20T19:26:26 IST" duration-ms="13699" status="PASS">
          <reporter-output>
          </reporter-output>
        </test-method> <!-- VerifyEmailAddress -->
        <test-method is-config="true" signature="LogoutFromApp(org.testng.ITestResult)[pri:0, instance:Module_testclass.TestClass1@ffaa6af]" started-at="2023-02-20T19:26:26 IST" name="LogoutFromApp" finished-at="2023-02-20T19:26:36 IST" duration-ms="9653" status="PASS">
          <params>
            <param index="0">
              <value>
                <![CDATA[[TestResult name=VerifyEmailAddress status=SUCCESS method=TestClass1.VerifyEmailAddress()[pri:1, instance:Module_testclass.TestClass1@ffaa6af] output={null}]]]>
              </value>
            </param>
          </params>
          <reporter-output>
          </reporter-output>
        </test-method> <!-- LogoutFromApp -->
        <test-method is-config="true" signature="loginToApp()[pri:0, instance:Module_testclass.TestClass1@ffaa6af]" started-at="2023-02-20T19:26:36 IST" name="loginToApp" finished-at="2023-02-20T19:26:41 IST" duration-ms="5051" status="PASS">
          <reporter-output>
          </reporter-output>
        </test-method> <!-- loginToApp -->
        <test-method signature="VerifyTitle()[pri:2, instance:Module_testclass.TestClass1@ffaa6af]" started-at="2023-02-20T19:26:41 IST" name="VerifyTitle" finished-at="2023-02-20T19:26:41 IST" duration-ms="327" status="PASS">
          <reporter-output>
          </reporter-output>
        </test-method> <!-- VerifyTitle -->
        <test-method is-config="true" signature="LogoutFromApp(org.testng.ITestResult)[pri:0, instance:Module_testclass.TestClass1@ffaa6af]" started-at="2023-02-20T19:26:41 IST" name="LogoutFromApp" finished-at="2023-02-20T19:26:48 IST" duration-ms="7248" status="PASS">
          <params>
            <param index="0">
              <value>
                <![CDATA[[TestResult name=VerifyTitle status=SUCCESS method=TestClass1.VerifyTitle()[pri:2, instance:Module_testclass.TestClass1@ffaa6af] output={null}]]]>
              </value>
            </param>
          </params>
          <reporter-output>
          </reporter-output>
        </test-method> <!-- LogoutFromApp -->
        <test-method is-config="true" signature="CloseBrowser()[pri:0, instance:Module_testclass.TestClass1@ffaa6af]" started-at="2023-02-20T19:26:48 IST" name="CloseBrowser" finished-at="2023-02-20T19:26:54 IST" duration-ms="6044" status="PASS">
          <reporter-output>
          </reporter-output>
        </test-method> <!-- CloseBrowser -->
      </class> <!-- Module_testclass.TestClass1 -->
    </test> <!-- Default test -->
  </suite> <!-- Default suite -->
</testng-results>
